<?xml version="1.0" encoding="UTF-8"?>
<testsuite name="com.example.BackendTest" tests="1" skipped="0" failures="0" errors="0" timestamp="2024-02-27T10:45:16" hostname="Vasangis-MacBook-Pro.local" time="0.001">
  <properties/>
  <testcase name="testItWorks()" classname="com.example.BackendTest" time="0.001"/>
  <system-out><![CDATA[?[36m16:15:16.897?[0;39m ?[1;30m[Test worker]?[0;39m ?[34mINFO ?[0;39m ?[35mi.m.c.DefaultApplicationContext$RuntimeConfiguredEnvironment?[0;39m - Established active environments: [test]
]]></system-out>
  <system-err><![CDATA[]]></system-err>
</testsuite>
