<?xml version="1.0" encoding="UTF-8"?>
<testsuite name="FrontendTest" tests="1" skipped="0" failures="0" errors="0" timestamp="2024-02-26T12:08:50" hostname="Sujithas-MacBook-Pro.local" time="0.821">
  <properties/>
  <testcase name="should read if the heading is -hello world-()" classname="FrontendTest" time="0.821"/>
  <system-out><![CDATA[]]></system-out>
  <system-err><![CDATA[]]></system-err>
</testsuite>
